2020-05-24 11:23:25 [main] INFO  c.e.m.Microservice1Application -
                No active profile set, falling back to default profiles: default
2020-05-24 11:24:15 [main] INFO  c.e.m.Microservice1Application -
                No active profile set, falling back to default profiles: default
2020-05-24 11:32:14 [main] INFO  c.e.m.Microservice1Application -
                No active profile set, falling back to default profiles: default
2020-05-24 11:32:16 [main] INFO  c.e.m.Microservice1Application -
                Started Microservice1Application in 22.72 seconds (JVM running for 23.516)
2020-05-24 11:36:09 [http-nio-7072-exec-8] DEBUG c.e.m.controller.EmployeeController -
                Inside Logger Class
2020-05-24 11:37:42 [main] INFO  c.e.m.Microservice1Application -
                No active profile set, falling back to default profiles: default
2020-05-24 11:37:44 [main] INFO  c.e.m.Microservice1Application -
                Started Microservice1Application in 23.157 seconds (JVM running for 23.97)
2020-05-24 11:37:48 [http-nio-7072-exec-2] DEBUG c.e.m.controller.EmployeeController -
                Inside Logger Class
2020-05-24 11:38:41 [main] INFO  c.e.m.Microservice1Application -
                No active profile set, falling back to default profiles: default
2020-05-24 11:38:42 [main] INFO  c.e.m.Microservice1Application -
                Started Microservice1Application in 22.514 seconds (JVM running for 23.276)
2020-05-24 11:38:47 [http-nio-7072-exec-1] DEBUG c.e.m.controller.EmployeeController -
                Inside Logger Class
2020-05-24 11:39:48 [main] INFO  c.e.m.Microservice1Application -
                No active profile set, falling back to default profiles: default
2020-05-24 11:39:49 [main] INFO  c.e.m.Microservice1Application -
                Started Microservice1Application in 22.466 seconds (JVM running for 23.255)
2020-05-24 11:40:06 [http-nio-7072-exec-1] DEBUG c.e.m.controller.EmployeeController -
                Inside Logger Class
2020-05-24 11:40:07 [http-nio-7072-exec-1] DEBUG c.e.m.component.FinacleAPI -
                Response is [Employee{employeeName='Ankit', employeeAge=20}, Employee{employeeName='Anya', employeeAge=1}]
2020-05-24 11:47:28 [main] INFO  c.e.m.Microservice1Application -
                No active profile set, falling back to default profiles: default
2020-05-24 11:47:30 [main] INFO  c.e.m.Microservice1Application -
                Started Microservice1Application in 22.659 seconds (JVM running for 23.506)
2020-05-24 11:48:22 [http-nio-7072-exec-1] DEBUG c.e.m.controller.EmployeeController -
                Inside Logger Class
2020-05-24 11:48:56 [http-nio-7072-exec-3] DEBUG c.e.m.controller.EmployeeController -
                Inside Logger Class
2020-05-24 11:58:06 [main] INFO  c.e.m.Microservice1Application -
                No active profile set, falling back to default profiles: default
2020-05-24 11:58:08 [main] INFO  c.e.m.Microservice1Application -
                Started Microservice1Application in 22.521 seconds (JVM running for 23.346)
2020-05-24 11:58:16 [http-nio-7072-exec-2] DEBUG c.e.m.controller.EmployeeController -
                Inside Logger Class
2020-05-24 11:58:17 [http-nio-7072-exec-3] DEBUG c.e.m.controller.EmployeeController -
                Inside Logger Class
2020-05-24 11:58:18 [http-nio-7072-exec-4] DEBUG c.e.m.controller.EmployeeController -
                Inside Logger Class
2020-05-24 11:58:20 [http-nio-7072-exec-5] DEBUG c.e.m.controller.EmployeeController -
                Inside Logger Class
2020-05-24 11:58:21 [http-nio-7072-exec-6] DEBUG c.e.m.controller.EmployeeController -
                Inside Logger Class
2020-05-24 11:58:22 [http-nio-7072-exec-7] DEBUG c.e.m.controller.EmployeeController -
                Inside Logger Class
2020-05-24 11:58:22 [http-nio-7072-exec-8] DEBUG c.e.m.controller.EmployeeController -
                Inside Logger Class
2020-05-24 11:58:23 [http-nio-7072-exec-9] DEBUG c.e.m.controller.EmployeeController -
                Inside Logger Class
2020-05-24 11:58:24 [http-nio-7072-exec-10] DEBUG c.e.m.controller.EmployeeController -
                Inside Logger Class
2020-05-24 11:58:24 [http-nio-7072-exec-1] DEBUG c.e.m.controller.EmployeeController -
                Inside Logger Class
2020-05-24 11:58:25 [http-nio-7072-exec-2] DEBUG c.e.m.controller.EmployeeController -
                Inside Logger Class
2020-05-24 11:58:25 [http-nio-7072-exec-3] DEBUG c.e.m.controller.EmployeeController -
                Inside Logger Class
2020-05-24 11:58:26 [http-nio-7072-exec-4] DEBUG c.e.m.controller.EmployeeController -
                Inside Logger Class
2020-05-24 11:58:27 [http-nio-7072-exec-5] DEBUG c.e.m.controller.EmployeeController -
                Inside Logger Class
2020-05-24 19:46:34 [main] INFO  c.e.m.Microservice1ApplicationTests -
                No active profile set, falling back to default profiles: default
2020-05-24 19:46:37 [main] INFO  c.e.m.Microservice1ApplicationTests -
                Started Microservice1ApplicationTests in 22.904 seconds (JVM running for 25.536)
2020-05-24 19:47:49 [main] INFO  c.e.m.Microservice1ApplicationTests -
                No active profile set, falling back to default profiles: default
2020-05-24 19:47:51 [main] INFO  c.e.m.Microservice1ApplicationTests -
                Started Microservice1ApplicationTests in 22.862 seconds (JVM running for 24.393)
2020-05-24 19:50:02 [main] INFO  c.e.m.Microservice1ApplicationTests -
                No active profile set, falling back to default profiles: default
2020-05-24 19:50:04 [main] INFO  c.e.m.Microservice1ApplicationTests -
                Started Microservice1ApplicationTests in 22.806 seconds (JVM running for 24.45)
